Initializing bot...
Initializing bot...
Initializing bot...
Initializing bot...
Initializing bot...
Initializing bot...
Initializing bot...
Initializing bot...
Initializing bot...
Initializing bot...
Initializing bot...
Initializing bot...
Initializing bot...
Initializing bot...
Initializing bot...
Initializing bot...
Initializing bot...
Initializing bot...
Initializing bot...
Initializing bot...
Initializing bot...
Initializing bot...
Initializing bot...
Initializing bot...
Initializing bot...
Initializing bot...
Initializing bot...
Initializing bot...
Initializing bot...
Initializing bot...
Initializing bot...
Initializing bot...
Initializing bot...
Initializing bot...
Initializing bot...
Initializing bot...
Initializing bot...
Initializing bot...
Initializing bot...
Initializing bot...
Initializing bot...
Initializing bot...
Initializing bot...
Initializing bot...
Initializing bot...
Initializing bot...
Initializing bot...
Initializing bot...
Initializing bot...
Initializing bot...
Initializing bot...
Initializing bot...
 你好 -> 你好 ，
 早上好 -> 卖 什么
 你明天去哪 -> 我 在 三圣乡 等 你
 枯木逢春犹再发， -> 出来 一起
 五环啊五环 -> 你 是 猪 吗
 负担是过年了没有存钱，这边还有房租要交 -> 你 是 在 说 我 吗
 没坚持住，又把刘海剪了 -> 眼睛 这么 漂亮 ， 那 刘海 为什么 要 剪 啊
 人无两度再少年 ​​​​ -> 哈哈 ， 你 是 在 说 我 吗
 我爱你 -> 爸爸 也
 榴莲 -> 这么 多
 别你看穿了 -> 这是 什么 鬼
 一度艳阳 -> 问 一下 为什么 ，
 晚安 -> 晚安 。
 锄禾日当午 -> 这是 什么
 我喜欢郭敬明 -> 喜欢 什么
 周杰伦 -> 你 也
 大傻逼 -> 你 可别 傻 了
 让人听了有一种揪心的感觉 -> 可怕 ~
 笑死我了 -> 😄 😄 笑 死 了
 天都黑了 还不来气 -> 我 去 。 。 。 你 还 需要 死 啊
 睡一天算了 -> 我 也 刚 到 <unk>
 叔叔阿姨哥哥姐姐 七大姑八大姨远房的七舅姥爷 快来线上问诊啊！！！ -> 可能 她 看到 了 我 的 勇气
 每个月住院任务 问诊任务 瑞学考试 太贱了 -> 你 脑子 多 大
 没有麻辣牛肉 -> 我 还是 吃 的 太 多
 还没脱单 就已经开始脱发了 -> 我 也 是
 有点烦 -> 说 得
 还有25分钟上班 我爬不起来💤💤 -> 每个 月 都 要 去 的 这么 忙 吗 ？
 我要怎么回复领导才显得我高冷炫酷拽 在线等！！！ 急！！ -> 直接 屏蔽
 我不想理解谁 我只想辞职！！！ -> 干 的 不错
 这些考执业药师的老板太厉害了 每次都是4科全过 羡慕 -> 你 需要 一个 会 保护 你 朋友
 我回来了，每天都播，感谢陪伴❤️ -> 欢迎 回来
 你穿的再多，心里没有我，照样冻死你 -> 😏 😏 😏 你 这样 就 好 啦
 我换头像了丫， -> 什么 意思
 约个播啊 -> 睡睡 睡睡 啊
 没工作的！想兼职的请与俺联系 -> 想 死 就 怀孕
 吃了四天的方便面和面包🍞了！ -> 我 也 想 吃
 谁知道长春办理健康证还要交钱吗？ -> <unk> 啊
 给你钱，让你来完成一件工作，你愿意做吗？可以来聊聊的 -> 有用 吗
 每个周末都要花两三千块钱，真心受不了 -> 我 做好 了 ， 你 又 用 那个 盐
 感觉玩这个的太少了 -> 你 是 幼师
 过年睡不着 -> 那 就 不要 出门
 附近有没有卖烟的，给我送一包过来。 -> 什么 呀
 求推荐好看的电视剧 或者电影🙏🙏🙏 -> 什么 类型
 裹的像个🐻 -> 想 吃
 😄睡前说说话~ 安睡一整晚🌙 -> 还 以为 是 三只 蝌蚪
 在高速上快被堵疯了😭 -> 没 谁 了
 姑娘，手法不错😝 -> 挺 好 的
 鼻子都要冻掉了😱 -> 来 ， 我 帮 你 <unk>
 😓把皮肤给搓红了~ 这个疼😲 -> 是 咋 了
 六点多就被吵醒了~ 浑身疼痛😞 -> 你 是 在 说 我 吗
 晚上不睡~ 白天犯困 😱😱需要治疗 -> 有 啥 <unk> 的
 糖葫芦，烤地瓜😚😚 就是那么爱吃~ -> 想 吃
 楼下都在看月亮😏 我还是乖乖躺在被窝里看吧 -> 我 也 想
 小姐姐已累废😢😢 -> 这么 小
 三个人挤一张床☹️ 😡挤老鼠🐭😓 -> 来 我 帮 你 揉
 左眼皮跳跳🙈🙈 -> 这么 早
 😳😳已经被美色所诱惑 “花痴病” -> 你 是 在 说 我 吗
 前一秒还在聊天。下一秒直接打呼😱😱😂😂 -> 你 是 在 说 我 吗
 😭😭衣服上洒上墨水了~ 处理不掉😱😱不开心~ -> 洗澡 ， 不 运动 就 好 了
 🙈🙈出门去踩雪 -> 有没有 不怕 冷 ？
 要不要语音~☃️☃️ -> 你 是 猪 吗
 下雪天配点😘烤番薯 -> 我 也 想 吃
Initializing bot...
 你好 -> 你好 ，
 abc -> 这 是
 负担是过年了没有存钱，这边还有房租要交 -> 你 是 在 说 我 吗
Initializing bot...
 啦啦啦 -> 我 是 卖报 的 小 行家
Initializing bot...
 啦啦啦 -> 我 是 卖报 的 小 行家|东莞 的 动态 你 承包 了|啦 啦 啦
 你好 -> 你好 ，|你好 ！|就 在
 我喜欢郭敬明 -> 喜欢 什么|我 也 喜欢|我 也 是 喜欢 ， 但是
 我知道你 -> 我 也 缺 你|看来 你 真 爱|一看 就是 个 胖子
 说你不爱我 -> 你 爱 我|如果 你 是 个 有 的 人 ， 你 男朋友|你 慢慢 来 的
 不懂啊 -> 你 是 猪 吗|你 懂 的 ？|不 懂
 请不要离开我 -> 我 在 娶 你|下个月 失去 李易峰|我 在 这 啊
 受伤了 -> 咋 了|咋 了|小 可怜
 请不要离开我 -> 我 在 娶 你|下个月 失去 李易峰|我 在 这 啊
 请不要离开我 -> 我 在 娶 你|下个月 失去 李易峰|我 在 这 啊
 去年的冬天 -> 漂亮 的|漂亮 的|漂亮 啊
 我喜欢郭敬明 -> 喜欢 什么|我 也 喜欢|我 也 是 喜欢 ， 但是
 你是个大傻子 -> 大 可爱|大 可爱|大 傻 ， 你 要 啥 男人
 早醒，赖个床~ -> 好 漂亮|开 空调|你 是 猪 吗
 心是空的 灵魂是麻木的 -> 我 也 是|我 还 以为 是 人造 的 呢 😂 😂 😂|我 吗 ~
 情人节，春节 都需要租女友吗 -> 你 在 公司 哪里 啊|你 在 公司 没房 是 最好 的|已经 换 新 的 一年 了
 简直要求包养了 -> 你 是 有 多 高|你 是 在 说 我 吗|你 是 有 多 无聊
 好想开个众筹还款 -> 哦 ， 加油 💪|哦 ， 加油|哦 ， 加油 加油
 直播没人捧场 还是睡觉 发张自拍 感谢支持过我的人 -> 嗨 美女|厉害 了|厉害 了 ， 恭喜
 我失眠了 -> 同 失眠 看 完 电影 太有|我 都 没有 午睡 一直 在|同 失眠 看 电影 电影 太有
 幸福的人都睡得很安稳 -> 你 最 精彩|你 是|你 是
 好冷，今天适合宅一天 -> 今天 半天 好|今天 很 暖和|今天 很 暖和
Initializing bot...
Initializing bot...
 五环啊五环 -> 你 是 猪 吗|<unk> 风|<unk> 风
 摩擦摩擦 -> 在 湿润 的 <unk>|在 湿润 的 时候|在 湿润 的 一股
 我始终不明白 -> 你 在 哪|你 在 哪|为啥 不 上班
 比你好啊 -> <unk> 啊|<unk> ？|我 明天 也 是
 失去全世界的时候 总是希望有个人能寸步不离的陪着你 -> 我 想 你 了|我 想 你 了|我 想 你 了
 连个陪吃饭的人都没有 -> 我 陪 你|我 陪 你|不是 很 好 啊
 好饿 想吃美蛙鱼头 -> 来 我 请 你 吃|来 吃 我|我 也 想 吃
 心里烦 没人能理解 -> 我 也 觉得|我 也 觉得|不想 说 而已 ，
 我想找个兼职 仅限绵阳，健康不违法 有介绍的吗 -> 没有 ， 下 一个|有 的|有 的
 为什么一个恋家的人要选择流浪呢？ -> 想 多 了|想 知道 不是 男人 的 问题 ，|想 收拾 就 上
 生活有大段没有边缘的空白，恐慌之下，我们都会下意识想往里面填点什么，以逃避那些让人焦虑的虚空，但那不过是更多虚空。 -> 你 是 我 的 优 乐美|你 是 哪里 的 ？|你 是 哪里 的
 合适的人就是 听得懂和聊得来 -> 对 的|对 的|对 的
 灵魂的重量只有21克 换算成酒20ml那么一点 这酒应该很香醇 很烈 -> <unk> ， <unk>|好看 不|好看 不
 你应该被抱紧 有风我来顶 -> 好 啊 ， 我 也 是|好 啊 ， 我 也 是|我 也 想 吃
 本就是各人下雪 各人有各人的隐晦与皎洁 -> 雪 ？|雪 ？|哈哈 😄
Initializing bot...
 哈哈 -> Error: Try a shorter sentence
 哈哈哈 -> Error: Try a shorter sentence
Initializing bot...
Initializing bot...
Initializing bot...
 哈哈 -> 你 是|可以 领走|本月 年
 呦呦呦 -> 起床 了 么|太早 了 ， 不 冷|什么 东西
 切克闹 -> 看到 了 ， 换|这是 什么 ？|这 ， 怎么 那么
 负担是过年了没有存钱，这边还有房租要交 -> 你 是 在 说 我 吗|你 是 在 说 你 自己 吗
 对啊 -> 女生 的 心理 总是|哈哈哈 ， 万一 我|很惨 啊
 聊天机器人 -> 来 啊|私 还是 公|聊 啊
 来啊 -> 被 你 刷屏 了|打牌 呢|我出 小鬼
 累的不想说话 身体被掏空 -> 怎么 了|怎么 了|哭 吧 我 去 接 你
 当年我们在抱抱认识，在一起一年十个月。现在找回这个账号，是知道你已经卸载了，而我对你的想念，也只可以留在这里。 -> 来 ， 聊聊|来 了|来 了
 如果有漂亮小姐姐或者帅气小哥哥愿意在做主播的同时做很轻松的兼职求介绍求联系 -> 你 有 什么|你 多 大 ？|你 多 大
 每次给电信的人工打电话就觉得很生气，哪来那么多规定？？每个偷手机的人都不得好死👿👿 -> 哈哈哈 哈哈哈 哈哈哈 哈哈哈 哈哈哈 哈哈哈 哈哈哈 哈哈哈 哈哈哈 哈哈哈 哈哈哈 哈哈哈 哈哈哈 哈哈哈 哈哈哈 哈哈哈 哈哈哈 哈哈哈 哈哈哈 哈哈哈 哈哈哈 哈哈哈 哈哈哈 哈哈哈 哈哈哈 哈哈哈 哈哈哈 哈哈哈 哈哈哈 哈哈哈 哈哈哈|有 可能|有 可能
 想要个女盆友(๑´╹‸╹`๑) -> 你 是 有 多 高|😳 😳 😳|你 厉害
 你想要见的那个人，根本不想见你。 就是那么简单。别作死。 -> 处 对象 吗 ？|你 是 在 说 我 吗|可是 你 没有 很 嫌弃 ， 他 不 知道 ， 等 你 成长 了 就 好 了 。
Initializing bot...
Initializing bot...
Initializing bot...
Initializing bot...
Initializing bot...
Initializing bot...
 哈哈 -> 你 是
 哈哈哈 -> 我 也
Initializing bot...
Initializing bot...
Initializing bot...
Initializing bot...
 你好 -> 你好 ，
 你好 -> 你好 ，
 你好 -> 你好 ，
 你好 -> 你好 ，
 你好 -> 你好 ！
 你好 -> 你好 ！
 你好 -> 你好 ！
 你好 -> 你好 ！
 你好 -> 就 在
 你好 -> 就 在
 你好吗 -> 你好 么 …
 我很好 -> 风好 大 ( ✪ ▽ ✪
 冰箱里有什么 -> 我 也 想 知道
 你喜欢吃什么水果 -> 不想 吃
 我喜欢吃肉 -> 10 次
 你说啥 -> 我 有 个 说 和 我
 说个鸡巴 -> 这样 说 ， 买
 拍了好多 -> 这是 什么
 这是你的么 -> 你 是 我 的
 你在哪里 -> 我 就是 北方 啊
 我再北京 -> 然后 呢
 我在北京 -> 我 也 在
 负担是过年了没有存钱，这边还有房租要交 -> 你 是 在 说 我 吗
 就这样吧 -> 一个 人 还 过 ？
 来了 -> 有 帅哥
 我来了 -> 好 可爱 啊
 哈哈哈 -> 我 也
 什么都是浮云 -> 我 也 在 玩
 你会玩王者荣耀么 -> 没有 啊
 你收到了一笔转账，请在手机上查看] -> 几个 月
 你收到了一笔转账，请在手机上查看 -> 我 没 上当
 你收到了一笔转账，请在手机上查看] -> 几个 月
 你收到了一笔转账，请在手机上查看] -> 几个 月
 没坚持住，又把刘海剪了 -> 眼睛 这么 漂亮 ， 那 刘海 为什么 要 剪 啊
 又把刘海剪了 -> 。 。 。
 没坚持住 -> 会 有 的
